

========================================= NEW FASTML RUN STARTED ===========================================
COMMAND: perl FastML.v3.11/www/fastml/FastML_Wrapper.pl --MSA_File aCES_data/C_200_aces/C_200_aces_output.fasta --outDir aCES_data/C_200_aces/ --seqType aa --jointReconstruction --TreeAlg
FULL RUNNING PARAMETERS (INCLUDING DEFAULTS):
--MSA_File aCES_data/C_200_aces/C_200_aces_output.fasta --outDir aCES_data/C_200_aces/ --seqType aa --Tree NA --TreeAlg  --SubMatrix JTT --OptimizeBL YES --UseGamma YES --Alpha  --jointReconstruction  --indelReconstruction BOTH --indelCutOff 0.5

RunFastML: running cd aCES_data/C_200_aces/; /Users/salonijain/Documents/Spring_2025/Genomics_Project/Protein-Residue-Coevolution-Detection/FastML.v3.11/www/fastml/../../programs/fastml/fastml -s aCES_data/C_200_aces/C_200_aces_output.fasta -mj -qf -g > aCES_data/C_200_aces/fastml.std

The file seq.marginal.txt or prob.marginal.txt was not created.

	FASTML EXIT ON ERROR:
FASTML failed to run, one of the files seq.marginal.txt or prob.marginal.txt were not created...


Exit Time: 21:26:23 28-04-2025


========================================= NEW FASTML RUN STARTED ===========================================
COMMAND: perl FastML.v3.11/www/fastml/FastML_Wrapper.pl --MSA_File aCES_data/C_200_aces/C_200_aces_output.fasta --outDir aCES_data/C_200_aces --seqType aa --jointReconstruction --TreeAlg
FULL RUNNING PARAMETERS (INCLUDING DEFAULTS):
--MSA_File aCES_data/C_200_aces/C_200_aces_output.fasta --outDir aCES_data/C_200_aces/ --seqType aa --Tree NA --TreeAlg  --SubMatrix JTT --OptimizeBL YES --UseGamma YES --Alpha  --jointReconstruction  --indelReconstruction BOTH --indelCutOff 0.5

RunFastML: running cd aCES_data/C_200_aces/; /Users/salonijain/Documents/Spring_2025/Genomics_Project/Protein-Residue-Coevolution-Detection/FastML.v3.11/www/fastml/../../programs/fastml/fastml -s aCES_data/C_200_aces/C_200_aces_output.fasta -mj -qf -g > aCES_data/C_200_aces/fastml.std

The file seq.marginal.txt or prob.marginal.txt was not created.

	FASTML EXIT ON ERROR:
FASTML failed to run, one of the files seq.marginal.txt or prob.marginal.txt were not created...


Exit Time: 21:26:41 28-04-2025


========================================= NEW FASTML RUN STARTED ===========================================
COMMAND: perl FastML.v3.11/www/fastml/FastML_Wrapper.pl --MSA_File /Users/salonijain/Documents/Spring_2025/Genomics_Project/Protein-Residue-Coevolution-Detection/aCES_data/C_200_aces/C_200_aces_output.fasta --outDir /Users/salonijain/Documents/Spring_2025/Genomics_Project/Protein-Residue-Coevolution-Detection/aCES_data/C_200_aces --seqType aa --jointReconstruction --TreeAlg
FULL RUNNING PARAMETERS (INCLUDING DEFAULTS):
--MSA_File /Users/salonijain/Documents/Spring_2025/Genomics_Project/Protein-Residue-Coevolution-Detection/aCES_data/C_200_aces/C_200_aces_output.fasta --outDir /Users/salonijain/Documents/Spring_2025/Genomics_Project/Protein-Residue-Coevolution-Detection/aCES_data/C_200_aces/ --seqType aa --Tree NA --TreeAlg  --SubMatrix JTT --OptimizeBL YES --UseGamma YES --Alpha  --jointReconstruction  --indelReconstruction BOTH --indelCutOff 0.5

RunFastML: running cd /Users/salonijain/Documents/Spring_2025/Genomics_Project/Protein-Residue-Coevolution-Detection/aCES_data/C_200_aces/; /Users/salonijain/Documents/Spring_2025/Genomics_Project/Protein-Residue-Coevolution-Detection/FastML.v3.11/www/fastml/../../programs/fastml/fastml -s /Users/salonijain/Documents/Spring_2025/Genomics_Project/Protein-Residue-Coevolution-Detection/aCES_data/C_200_aces/C_200_aces_output.fasta -mj -qf -g > /Users/salonijain/Documents/Spring_2025/Genomics_Project/Protein-Residue-Coevolution-Detection/aCES_data/C_200_aces/fastml.std
